<?xml version="1.0" encoding="UTF-8"?>
<!-- Generated by org.testng.reporters.JUnitReportReporter -->
<testsuite hostname="LAPTOP-QHMIOBC5" failures="0" tests="5" name="com.GitConflict.ATE1.Class1" time="0.017" errors="0" timestamp="2024-01-31T16:58:45 IST" skipped="0">
  <testcase classname="com.GitConflict.ATE1.Class1" name="m5" time="0.009"/>
  <system-out/>
  <testcase classname="com.GitConflict.ATE1.Class1" name="m4" time="0.002"/>
  <system-out/>
  <testcase classname="com.GitConflict.ATE1.Class1" name="m3" time="0.003"/>
  <system-out/>
  <testcase classname="com.GitConflict.ATE1.Class1" name="m2" time="0.002"/>
  <system-out/>
  <testcase classname="com.GitConflict.ATE1.Class1" name="m1" time="0.001"/>
  <system-out/>
</testsuite> <!-- com.GitConflict.ATE1.Class1 -->
